C:\USERS\SEAN\GOOGLE DRIVE\TEACHING\CPSC 2377\SPRING 2016\HOMEWORK\VISUAL STUDIO FILES\HMWK.2.ASSIGNMENT\TEMP\ENGINE.OBJ
C:\USERS\SEAN\GOOGLE DRIVE\TEACHING\CPSC 2377\SPRING 2016\HOMEWORK\VISUAL STUDIO FILES\HMWK.2.ASSIGNMENT\TEMP\GUI.OBJ
C:\USERS\SEAN\GOOGLE DRIVE\TEACHING\CPSC 2377\SPRING 2016\HOMEWORK\VISUAL STUDIO FILES\HMWK.2.ASSIGNMENT\TEMP\HMWK.2.OBJ
C:\USERS\SEAN\GOOGLE DRIVE\TEACHING\CPSC 2377\SPRING 2016\HOMEWORK\VISUAL STUDIO FILES\HMWK.2.ASSIGNMENT\TEMP\TEXTURE.OBJ
C:\USERS\SEAN\GOOGLE DRIVE\TEACHING\CPSC 2377\SPRING 2016\HOMEWORK\VISUAL STUDIO FILES\HMWK.2.ASSIGNMENT\TEMP\TIMER.OBJ
C:\USERS\SEAN\GOOGLE DRIVE\TEACHING\CPSC 2377\SPRING 2016\HOMEWORK\VISUAL STUDIO FILES\HMWK.2.ASSIGNMENT\TEMP\VC110.PDB
C:\USERS\SEAN\GOOGLE DRIVE\TEACHING\CPSC 2377\SPRING 2016\HOMEWORK\VISUAL STUDIO FILES\HMWK.2.ASSIGNMENT\GAME\HMWK.2.ASSIGNMENT.ILK
C:\USERS\SEAN\GOOGLE DRIVE\TEACHING\CPSC 2377\SPRING 2016\HOMEWORK\VISUAL STUDIO FILES\HMWK.2.ASSIGNMENT\GAME\HMWK.2.ASSIGNMENT.EXE
C:\USERS\SEAN\GOOGLE DRIVE\TEACHING\CPSC 2377\SPRING 2016\HOMEWORK\VISUAL STUDIO FILES\HMWK.2.ASSIGNMENT\GAME\HMWK.2.ASSIGNMENT.PDB
C:\Users\sean\Google Drive\Teaching\CPSC 2377\Spring 2016\Homework\Visual Studio Files\Hmwk.2.Assignment\Temp\engine.obj
C:\Users\sean\Google Drive\Teaching\CPSC 2377\Spring 2016\Homework\Visual Studio Files\Hmwk.2.Assignment\Temp\GUI.obj
C:\Users\sean\Google Drive\Teaching\CPSC 2377\Spring 2016\Homework\Visual Studio Files\Hmwk.2.Assignment\Temp\hmwk.2.obj
C:\Users\sean\Google Drive\Teaching\CPSC 2377\Spring 2016\Homework\Visual Studio Files\Hmwk.2.Assignment\Temp\Texture.obj
C:\Users\sean\Google Drive\Teaching\CPSC 2377\Spring 2016\Homework\Visual Studio Files\Hmwk.2.Assignment\Temp\Timer.obj
C:\Users\sean\Google Drive\Teaching\CPSC 2377\Spring 2016\Homework\Visual Studio Files\Hmwk.2.Assignment\Temp\cl.command.1.tlog
C:\Users\sean\Google Drive\Teaching\CPSC 2377\Spring 2016\Homework\Visual Studio Files\Hmwk.2.Assignment\Temp\CL.read.1.tlog
C:\Users\sean\Google Drive\Teaching\CPSC 2377\Spring 2016\Homework\Visual Studio Files\Hmwk.2.Assignment\Temp\CL.write.1.tlog
C:\Users\sean\Google Drive\Teaching\CPSC 2377\Spring 2016\Homework\Visual Studio Files\Hmwk.2.Assignment\Temp\link-cvtres.read.1.tlog
C:\Users\sean\Google Drive\Teaching\CPSC 2377\Spring 2016\Homework\Visual Studio Files\Hmwk.2.Assignment\Temp\link-cvtres.write.1.tlog
C:\Users\sean\Google Drive\Teaching\CPSC 2377\Spring 2016\Homework\Visual Studio Files\Hmwk.2.Assignment\Temp\link-rc.read.1.tlog
C:\Users\sean\Google Drive\Teaching\CPSC 2377\Spring 2016\Homework\Visual Studio Files\Hmwk.2.Assignment\Temp\link-rc.write.1.tlog
C:\Users\sean\Google Drive\Teaching\CPSC 2377\Spring 2016\Homework\Visual Studio Files\Hmwk.2.Assignment\Temp\link.10160-cvtres.read.1.tlog
C:\Users\sean\Google Drive\Teaching\CPSC 2377\Spring 2016\Homework\Visual Studio Files\Hmwk.2.Assignment\Temp\link.10160-cvtres.write.1.tlog
C:\Users\sean\Google Drive\Teaching\CPSC 2377\Spring 2016\Homework\Visual Studio Files\Hmwk.2.Assignment\Temp\link.10160-rc.read.1.tlog
C:\Users\sean\Google Drive\Teaching\CPSC 2377\Spring 2016\Homework\Visual Studio Files\Hmwk.2.Assignment\Temp\link.10160-rc.write.1.tlog
C:\Users\sean\Google Drive\Teaching\CPSC 2377\Spring 2016\Homework\Visual Studio Files\Hmwk.2.Assignment\Temp\link.10160.read.1.tlog
C:\Users\sean\Google Drive\Teaching\CPSC 2377\Spring 2016\Homework\Visual Studio Files\Hmwk.2.Assignment\Temp\link.10160.write.1.tlog
C:\Users\sean\Google Drive\Teaching\CPSC 2377\Spring 2016\Homework\Visual Studio Files\Hmwk.2.Assignment\Temp\link.7920-cvtres.read.1.tlog
C:\Users\sean\Google Drive\Teaching\CPSC 2377\Spring 2016\Homework\Visual Studio Files\Hmwk.2.Assignment\Temp\link.7920-cvtres.write.1.tlog
C:\Users\sean\Google Drive\Teaching\CPSC 2377\Spring 2016\Homework\Visual Studio Files\Hmwk.2.Assignment\Temp\link.7920-rc.read.1.tlog
C:\Users\sean\Google Drive\Teaching\CPSC 2377\Spring 2016\Homework\Visual Studio Files\Hmwk.2.Assignment\Temp\link.7920-rc.write.1.tlog
C:\Users\sean\Google Drive\Teaching\CPSC 2377\Spring 2016\Homework\Visual Studio Files\Hmwk.2.Assignment\Temp\link.7920.read.1.tlog
C:\Users\sean\Google Drive\Teaching\CPSC 2377\Spring 2016\Homework\Visual Studio Files\Hmwk.2.Assignment\Temp\link.7920.write.1.tlog
C:\Users\sean\Google Drive\Teaching\CPSC 2377\Spring 2016\Homework\Visual Studio Files\Hmwk.2.Assignment\Temp\link.8528-cvtres.read.1.tlog
C:\Users\sean\Google Drive\Teaching\CPSC 2377\Spring 2016\Homework\Visual Studio Files\Hmwk.2.Assignment\Temp\link.8528-cvtres.write.1.tlog
C:\Users\sean\Google Drive\Teaching\CPSC 2377\Spring 2016\Homework\Visual Studio Files\Hmwk.2.Assignment\Temp\link.8528-rc.read.1.tlog
C:\Users\sean\Google Drive\Teaching\CPSC 2377\Spring 2016\Homework\Visual Studio Files\Hmwk.2.Assignment\Temp\link.8528-rc.write.1.tlog
C:\Users\sean\Google Drive\Teaching\CPSC 2377\Spring 2016\Homework\Visual Studio Files\Hmwk.2.Assignment\Temp\link.8528.read.1.tlog
C:\Users\sean\Google Drive\Teaching\CPSC 2377\Spring 2016\Homework\Visual Studio Files\Hmwk.2.Assignment\Temp\link.8528.write.1.tlog
C:\Users\sean\Google Drive\Teaching\CPSC 2377\Spring 2016\Homework\Visual Studio Files\Hmwk.2.Assignment\Temp\link.command.1.tlog
C:\Users\sean\Google Drive\Teaching\CPSC 2377\Spring 2016\Homework\Visual Studio Files\Hmwk.2.Assignment\Temp\link.read.1.tlog
C:\Users\sean\Google Drive\Teaching\CPSC 2377\Spring 2016\Homework\Visual Studio Files\Hmwk.2.Assignment\Temp\link.write.1.tlog
C:\Users\sean\Google Drive\Teaching\CPSC 2377\Spring 2016\Homework\Visual Studio Files\Hmwk.2.Assignment\Temp\vc110.idb
C:\Users\sean\Google Drive\Teaching\CPSC 2377\Spring 2016\Homework\Visual Studio Files\Hmwk.2.Assignment\Temp\vc110.pdb
C:\Users\sean\Google Drive\Teaching\CPSC 2377\Spring 2016\Homework\Visual Studio Files\Hmwk.2.Assignment\Game\Hmwk.2.Assignment.pdb
C:\Users\sean\Google Drive\Teaching\CPSC 2377\Spring 2016\Homework\Visual Studio Files\Hmwk.2.Assignment\Game\Hmwk.2.Assignment.exe
C:\Users\sean\Google Drive\Teaching\CPSC 2377\Spring 2016\Homework\Visual Studio Files\Hmwk.2.Assignment\Game\Hmwk.2.Assignment.ilk
