C:\USERS\KABUSH\DOCUMENTS\VISUAL STUDIO 2012\PROJECTS\CPSC.2377.HMWKS.SPRING.2015\HMWK.1.SOLUTION\TEMP\ENGINE.OBJ
C:\USERS\KABUSH\DOCUMENTS\VISUAL STUDIO 2012\PROJECTS\CPSC.2377.HMWKS.SPRING.2015\HMWK.1.SOLUTION\TEMP\GUI.OBJ
C:\USERS\KABUSH\DOCUMENTS\VISUAL STUDIO 2012\PROJECTS\CPSC.2377.HMWKS.SPRING.2015\HMWK.1.SOLUTION\TEMP\HMWK.1.OBJ
C:\USERS\KABUSH\DOCUMENTS\VISUAL STUDIO 2012\PROJECTS\CPSC.2377.HMWKS.SPRING.2015\HMWK.1.SOLUTION\TEMP\TEXTURE.OBJ
C:\USERS\KABUSH\DOCUMENTS\VISUAL STUDIO 2012\PROJECTS\CPSC.2377.HMWKS.SPRING.2015\HMWK.1.SOLUTION\TEMP\VC110.PDB
C:\USERS\KABUSH\DOCUMENTS\VISUAL STUDIO 2012\PROJECTS\CPSC.2377.HMWKS.SPRING.2015\HMWK.1.SOLUTION\GAME\HMWK.1.SOLUTION.ILK
C:\USERS\KABUSH\DOCUMENTS\VISUAL STUDIO 2012\PROJECTS\CPSC.2377.HMWKS.SPRING.2015\HMWK.1.SOLUTION\GAME\HMWK.1.SOLUTION.EXE
C:\USERS\KABUSH\DOCUMENTS\VISUAL STUDIO 2012\PROJECTS\CPSC.2377.HMWKS.SPRING.2015\HMWK.1.SOLUTION\GAME\HMWK.1.SOLUTION.PDB
C:\Users\kabush\Documents\Visual Studio 2012\Projects\CPSC.2377.Hmwks.Spring.2015\Hmwk.1.Solution\Temp\engine.obj
C:\Users\kabush\Documents\Visual Studio 2012\Projects\CPSC.2377.Hmwks.Spring.2015\Hmwk.1.Solution\Temp\GUI.obj
C:\Users\kabush\Documents\Visual Studio 2012\Projects\CPSC.2377.Hmwks.Spring.2015\Hmwk.1.Solution\Temp\hmwk.1.obj
C:\Users\kabush\Documents\Visual Studio 2012\Projects\CPSC.2377.Hmwks.Spring.2015\Hmwk.1.Solution\Temp\Texture.obj
C:\Users\kabush\Documents\Visual Studio 2012\Projects\CPSC.2377.Hmwks.Spring.2015\Hmwk.1.Solution\Temp\cl.command.1.tlog
C:\Users\kabush\Documents\Visual Studio 2012\Projects\CPSC.2377.Hmwks.Spring.2015\Hmwk.1.Solution\Temp\CL.read.1.tlog
C:\Users\kabush\Documents\Visual Studio 2012\Projects\CPSC.2377.Hmwks.Spring.2015\Hmwk.1.Solution\Temp\CL.write.1.tlog
C:\Users\kabush\Documents\Visual Studio 2012\Projects\CPSC.2377.Hmwks.Spring.2015\Hmwk.1.Solution\Temp\link-cvtres.read.1.tlog
C:\Users\kabush\Documents\Visual Studio 2012\Projects\CPSC.2377.Hmwks.Spring.2015\Hmwk.1.Solution\Temp\link-cvtres.write.1.tlog
C:\Users\kabush\Documents\Visual Studio 2012\Projects\CPSC.2377.Hmwks.Spring.2015\Hmwk.1.Solution\Temp\link-rc.read.1.tlog
C:\Users\kabush\Documents\Visual Studio 2012\Projects\CPSC.2377.Hmwks.Spring.2015\Hmwk.1.Solution\Temp\link-rc.write.1.tlog
C:\Users\kabush\Documents\Visual Studio 2012\Projects\CPSC.2377.Hmwks.Spring.2015\Hmwk.1.Solution\Temp\link.command.1.tlog
C:\Users\kabush\Documents\Visual Studio 2012\Projects\CPSC.2377.Hmwks.Spring.2015\Hmwk.1.Solution\Temp\link.read.1.tlog
C:\Users\kabush\Documents\Visual Studio 2012\Projects\CPSC.2377.Hmwks.Spring.2015\Hmwk.1.Solution\Temp\link.write.1.tlog
C:\Users\kabush\Documents\Visual Studio 2012\Projects\CPSC.2377.Hmwks.Spring.2015\Hmwk.1.Solution\Temp\vc110.idb
C:\Users\kabush\Documents\Visual Studio 2012\Projects\CPSC.2377.Hmwks.Spring.2015\Hmwk.1.Solution\Temp\vc110.pdb
C:\Users\kabush\Documents\Visual Studio 2012\Projects\CPSC.2377.Hmwks.Spring.2015\Hmwk.1.Solution\Game\Hmwk.1.Solution.pdb
C:\Users\kabush\Documents\Visual Studio 2012\Projects\CPSC.2377.Hmwks.Spring.2015\Hmwk.1.Solution\Game\Hmwk.1.Solution.exe
C:\Users\kabush\Documents\Visual Studio 2012\Projects\CPSC.2377.Hmwks.Spring.2015\Hmwk.1.Solution\Game\Hmwk.1.Solution.ilk
