C:\USERS\ADMINISTRATOR\GOOGLE DRIVE\TEACHING\CPSC 2377\SPRING 2016\HOMEWORK\VISUAL STUDIO FILES\HMWK.4.SOLUTION\TEMP\BLOCK.OBJ
C:\USERS\ADMINISTRATOR\GOOGLE DRIVE\TEACHING\CPSC 2377\SPRING 2016\HOMEWORK\VISUAL STUDIO FILES\HMWK.4.SOLUTION\TEMP\ENGINE.OBJ
C:\USERS\ADMINISTRATOR\GOOGLE DRIVE\TEACHING\CPSC 2377\SPRING 2016\HOMEWORK\VISUAL STUDIO FILES\HMWK.4.SOLUTION\TEMP\MEGAMAN.OBJ
C:\USERS\ADMINISTRATOR\GOOGLE DRIVE\TEACHING\CPSC 2377\SPRING 2016\HOMEWORK\VISUAL STUDIO FILES\HMWK.4.SOLUTION\TEMP\OBJECT.OBJ
C:\USERS\ADMINISTRATOR\GOOGLE DRIVE\TEACHING\CPSC 2377\SPRING 2016\HOMEWORK\VISUAL STUDIO FILES\HMWK.4.SOLUTION\TEMP\PORTAL.OBJ
C:\USERS\ADMINISTRATOR\GOOGLE DRIVE\TEACHING\CPSC 2377\SPRING 2016\HOMEWORK\VISUAL STUDIO FILES\HMWK.4.SOLUTION\TEMP\VC110.PDB
C:\USERS\ADMINISTRATOR\GOOGLE DRIVE\TEACHING\CPSC 2377\SPRING 2016\HOMEWORK\VISUAL STUDIO FILES\HMWK.4.SOLUTION\TEMP\GUI.OBJ
C:\USERS\ADMINISTRATOR\GOOGLE DRIVE\TEACHING\CPSC 2377\SPRING 2016\HOMEWORK\VISUAL STUDIO FILES\HMWK.4.SOLUTION\TEMP\TEXTURE.OBJ
C:\USERS\ADMINISTRATOR\GOOGLE DRIVE\TEACHING\CPSC 2377\SPRING 2016\HOMEWORK\VISUAL STUDIO FILES\HMWK.4.SOLUTION\TEMP\TIMER.OBJ
C:\USERS\ADMINISTRATOR\GOOGLE DRIVE\TEACHING\CPSC 2377\SPRING 2016\HOMEWORK\VISUAL STUDIO FILES\HMWK.4.SOLUTION\TEMP\HMWK.4.OBJ
C:\USERS\ADMINISTRATOR\GOOGLE DRIVE\TEACHING\CPSC 2377\SPRING 2016\HOMEWORK\VISUAL STUDIO FILES\HMWK.4.SOLUTION.SPRING.2016\TEMP\BLOCK.OBJ
C:\USERS\ADMINISTRATOR\GOOGLE DRIVE\TEACHING\CPSC 2377\SPRING 2016\HOMEWORK\VISUAL STUDIO FILES\HMWK.4.SOLUTION.SPRING.2016\TEMP\ENGINE.OBJ
C:\USERS\ADMINISTRATOR\GOOGLE DRIVE\TEACHING\CPSC 2377\SPRING 2016\HOMEWORK\VISUAL STUDIO FILES\HMWK.4.SOLUTION.SPRING.2016\TEMP\GUI.OBJ
C:\USERS\ADMINISTRATOR\GOOGLE DRIVE\TEACHING\CPSC 2377\SPRING 2016\HOMEWORK\VISUAL STUDIO FILES\HMWK.4.SOLUTION.SPRING.2016\TEMP\HMWK.4.OBJ
C:\USERS\ADMINISTRATOR\GOOGLE DRIVE\TEACHING\CPSC 2377\SPRING 2016\HOMEWORK\VISUAL STUDIO FILES\HMWK.4.SOLUTION.SPRING.2016\TEMP\LINK.OBJ
C:\USERS\ADMINISTRATOR\GOOGLE DRIVE\TEACHING\CPSC 2377\SPRING 2016\HOMEWORK\VISUAL STUDIO FILES\HMWK.4.SOLUTION.SPRING.2016\TEMP\OBJECT.OBJ
C:\USERS\ADMINISTRATOR\GOOGLE DRIVE\TEACHING\CPSC 2377\SPRING 2016\HOMEWORK\VISUAL STUDIO FILES\HMWK.4.SOLUTION.SPRING.2016\TEMP\DEELER.OBJ
C:\USERS\ADMINISTRATOR\GOOGLE DRIVE\TEACHING\CPSC 2377\SPRING 2016\HOMEWORK\VISUAL STUDIO FILES\HMWK.4.SOLUTION.SPRING.2016\TEMP\TEXTURE.OBJ
C:\USERS\ADMINISTRATOR\GOOGLE DRIVE\TEACHING\CPSC 2377\SPRING 2016\HOMEWORK\VISUAL STUDIO FILES\HMWK.4.SOLUTION.SPRING.2016\TEMP\TIMER.OBJ
C:\USERS\ADMINISTRATOR\GOOGLE DRIVE\TEACHING\CPSC 2377\SPRING 2016\HOMEWORK\VISUAL STUDIO FILES\HMWK.4.SOLUTION.SPRING.2016\TEMP\VC110.PDB
C:\USERS\ADMINISTRATOR\GOOGLE DRIVE\TEACHING\CPSC 2377\SPRING 2016\HOMEWORK\VISUAL STUDIO FILES\HMWK.4.SOLUTION\GAME\HMWK.4.SOLUTION.ILK
C:\USERS\ADMINISTRATOR\GOOGLE DRIVE\TEACHING\CPSC 2377\SPRING 2016\HOMEWORK\VISUAL STUDIO FILES\HMWK.4.SOLUTION\GAME\HMWK.4.SOLUTION.EXE
C:\USERS\ADMINISTRATOR\GOOGLE DRIVE\TEACHING\CPSC 2377\SPRING 2016\HOMEWORK\VISUAL STUDIO FILES\HMWK.4.SOLUTION\GAME\HMWK.4.SOLUTION.PDB
C:\USERS\ADMINISTRATOR\GOOGLE DRIVE\TEACHING\CPSC 2377\SPRING 2016\HOMEWORK\VISUAL STUDIO FILES\HMWK.4.SOLUTION.SPRING.2016\GAME\HMWK.4.SOLUTION.SPRING.2016.ILK
C:\USERS\ADMINISTRATOR\GOOGLE DRIVE\TEACHING\CPSC 2377\SPRING 2016\HOMEWORK\VISUAL STUDIO FILES\HMWK.4.SOLUTION.SPRING.2016\GAME\HMWK.4.SOLUTION.SPRING.2016.EXE
C:\USERS\ADMINISTRATOR\GOOGLE DRIVE\TEACHING\CPSC 2377\SPRING 2016\HOMEWORK\VISUAL STUDIO FILES\HMWK.4.SOLUTION.SPRING.2016\GAME\HMWK.4.SOLUTION.SPRING.2016.PDB
C:\Users\Administrator\Google Drive\Teaching\CPSC 2377\Spring 2016\Homework\Visual Studio Files\Hmwk.4.Solution.Spring.2016\Temp\MegaMan.obj
C:\Users\Administrator\Google Drive\Teaching\CPSC 2377\Spring 2016\Homework\Visual Studio Files\Hmwk.4.Solution.Spring.2016\Temp\Portal.obj
C:\Users\Administrator\Google Drive\Teaching\CPSC 2377\Spring 2016\Homework\Visual Studio Files\Hmwk.4.Solution.Spring.2016\Temp\cl.command.1.tlog
C:\Users\Administrator\Google Drive\Teaching\CPSC 2377\Spring 2016\Homework\Visual Studio Files\Hmwk.4.Solution.Spring.2016\Temp\CL.read.1.tlog
C:\Users\Administrator\Google Drive\Teaching\CPSC 2377\Spring 2016\Homework\Visual Studio Files\Hmwk.4.Solution.Spring.2016\Temp\CL.read.1[Conflict].tlog
C:\Users\Administrator\Google Drive\Teaching\CPSC 2377\Spring 2016\Homework\Visual Studio Files\Hmwk.4.Solution.Spring.2016\Temp\CL.write.1.tlog
C:\Users\Administrator\Google Drive\Teaching\CPSC 2377\Spring 2016\Homework\Visual Studio Files\Hmwk.4.Solution.Spring.2016\Temp\CL.write.1[Conflict 1].tlog
C:\Users\Administrator\Google Drive\Teaching\CPSC 2377\Spring 2016\Homework\Visual Studio Files\Hmwk.4.Solution.Spring.2016\Temp\CL.write.1[Conflict].tlog
C:\Users\Administrator\Google Drive\Teaching\CPSC 2377\Spring 2016\Homework\Visual Studio Files\Hmwk.4.Solution.Spring.2016\Temp\link-cvtres.read.1.tlog
C:\Users\Administrator\Google Drive\Teaching\CPSC 2377\Spring 2016\Homework\Visual Studio Files\Hmwk.4.Solution.Spring.2016\Temp\link-cvtres.write.1.tlog
C:\Users\Administrator\Google Drive\Teaching\CPSC 2377\Spring 2016\Homework\Visual Studio Files\Hmwk.4.Solution.Spring.2016\Temp\link-rc.read.1.tlog
C:\Users\Administrator\Google Drive\Teaching\CPSC 2377\Spring 2016\Homework\Visual Studio Files\Hmwk.4.Solution.Spring.2016\Temp\link-rc.write.1.tlog
C:\Users\Administrator\Google Drive\Teaching\CPSC 2377\Spring 2016\Homework\Visual Studio Files\Hmwk.4.Solution.Spring.2016\Temp\link.10176-cvtres.read.1.tlog
C:\Users\Administrator\Google Drive\Teaching\CPSC 2377\Spring 2016\Homework\Visual Studio Files\Hmwk.4.Solution.Spring.2016\Temp\link.10176-cvtres.write.1.tlog
C:\Users\Administrator\Google Drive\Teaching\CPSC 2377\Spring 2016\Homework\Visual Studio Files\Hmwk.4.Solution.Spring.2016\Temp\link.10176-rc.read.1.tlog
C:\Users\Administrator\Google Drive\Teaching\CPSC 2377\Spring 2016\Homework\Visual Studio Files\Hmwk.4.Solution.Spring.2016\Temp\link.10176-rc.write.1.tlog
C:\Users\Administrator\Google Drive\Teaching\CPSC 2377\Spring 2016\Homework\Visual Studio Files\Hmwk.4.Solution.Spring.2016\Temp\link.10176.read.1.tlog
C:\Users\Administrator\Google Drive\Teaching\CPSC 2377\Spring 2016\Homework\Visual Studio Files\Hmwk.4.Solution.Spring.2016\Temp\link.10176.write.1.tlog
C:\Users\Administrator\Google Drive\Teaching\CPSC 2377\Spring 2016\Homework\Visual Studio Files\Hmwk.4.Solution.Spring.2016\Temp\link.11344-cvtres.read.1.tlog
C:\Users\Administrator\Google Drive\Teaching\CPSC 2377\Spring 2016\Homework\Visual Studio Files\Hmwk.4.Solution.Spring.2016\Temp\link.11344-cvtres.write.1.tlog
C:\Users\Administrator\Google Drive\Teaching\CPSC 2377\Spring 2016\Homework\Visual Studio Files\Hmwk.4.Solution.Spring.2016\Temp\link.11344-rc.read.1.tlog
C:\Users\Administrator\Google Drive\Teaching\CPSC 2377\Spring 2016\Homework\Visual Studio Files\Hmwk.4.Solution.Spring.2016\Temp\link.11344-rc.write.1.tlog
C:\Users\Administrator\Google Drive\Teaching\CPSC 2377\Spring 2016\Homework\Visual Studio Files\Hmwk.4.Solution.Spring.2016\Temp\link.11344.read.1.tlog
C:\Users\Administrator\Google Drive\Teaching\CPSC 2377\Spring 2016\Homework\Visual Studio Files\Hmwk.4.Solution.Spring.2016\Temp\link.11344.write.1.tlog
C:\Users\Administrator\Google Drive\Teaching\CPSC 2377\Spring 2016\Homework\Visual Studio Files\Hmwk.4.Solution.Spring.2016\Temp\link.3008-cvtres.read.1.tlog
C:\Users\Administrator\Google Drive\Teaching\CPSC 2377\Spring 2016\Homework\Visual Studio Files\Hmwk.4.Solution.Spring.2016\Temp\link.3008-cvtres.write.1.tlog
C:\Users\Administrator\Google Drive\Teaching\CPSC 2377\Spring 2016\Homework\Visual Studio Files\Hmwk.4.Solution.Spring.2016\Temp\link.3008-rc.read.1.tlog
C:\Users\Administrator\Google Drive\Teaching\CPSC 2377\Spring 2016\Homework\Visual Studio Files\Hmwk.4.Solution.Spring.2016\Temp\link.3008-rc.write.1.tlog
C:\Users\Administrator\Google Drive\Teaching\CPSC 2377\Spring 2016\Homework\Visual Studio Files\Hmwk.4.Solution.Spring.2016\Temp\link.3008.read.1.tlog
C:\Users\Administrator\Google Drive\Teaching\CPSC 2377\Spring 2016\Homework\Visual Studio Files\Hmwk.4.Solution.Spring.2016\Temp\link.3008.write.1.tlog
C:\Users\Administrator\Google Drive\Teaching\CPSC 2377\Spring 2016\Homework\Visual Studio Files\Hmwk.4.Solution.Spring.2016\Temp\link.4676-cvtres.read.1.tlog
C:\Users\Administrator\Google Drive\Teaching\CPSC 2377\Spring 2016\Homework\Visual Studio Files\Hmwk.4.Solution.Spring.2016\Temp\link.4676-cvtres.write.1.tlog
C:\Users\Administrator\Google Drive\Teaching\CPSC 2377\Spring 2016\Homework\Visual Studio Files\Hmwk.4.Solution.Spring.2016\Temp\link.4676-rc.read.1.tlog
C:\Users\Administrator\Google Drive\Teaching\CPSC 2377\Spring 2016\Homework\Visual Studio Files\Hmwk.4.Solution.Spring.2016\Temp\link.4676-rc.write.1.tlog
C:\Users\Administrator\Google Drive\Teaching\CPSC 2377\Spring 2016\Homework\Visual Studio Files\Hmwk.4.Solution.Spring.2016\Temp\link.4676.read.1.tlog
C:\Users\Administrator\Google Drive\Teaching\CPSC 2377\Spring 2016\Homework\Visual Studio Files\Hmwk.4.Solution.Spring.2016\Temp\link.4676.write.1.tlog
C:\Users\Administrator\Google Drive\Teaching\CPSC 2377\Spring 2016\Homework\Visual Studio Files\Hmwk.4.Solution.Spring.2016\Temp\link.command.1.tlog
C:\Users\Administrator\Google Drive\Teaching\CPSC 2377\Spring 2016\Homework\Visual Studio Files\Hmwk.4.Solution.Spring.2016\Temp\link.read.1.tlog
C:\Users\Administrator\Google Drive\Teaching\CPSC 2377\Spring 2016\Homework\Visual Studio Files\Hmwk.4.Solution.Spring.2016\Temp\link.write.1.tlog
C:\Users\Administrator\Google Drive\Teaching\CPSC 2377\Spring 2016\Homework\Visual Studio Files\Hmwk.4.Solution.Spring.2016\Temp\vc110.idb
C:\Users\Administrator\Google Drive\Teaching\CPSC 2377\Spring 2016\Homework\Visual Studio Files\Hmwk.4.Solution.Spring.2016\Temp\vc110[Conflict].idb
C:\Users\Administrator\Google Drive\Teaching\CPSC 2377\Spring 2016\Homework\Visual Studio Files\Hmwk.4.Solution.Spring.2016\Temp\vc110[Conflict].pdb
