c:\users\dalalways72\desktop\hmwk.5.assignment.correct\hmwk.5.assignment.spring.2016\temp\vc140.pdb
c:\users\dalalways72\desktop\hmwk.5.assignment.correct\hmwk.5.assignment.spring.2016\temp\vc140.idb
c:\users\dalalways72\desktop\hmwk.5.assignment.correct\hmwk.5.assignment.spring.2016\temp\block.obj
c:\users\dalalways72\desktop\hmwk.5.assignment.correct\hmwk.5.assignment.spring.2016\temp\elevator.obj
c:\users\dalalways72\desktop\hmwk.5.assignment.correct\hmwk.5.assignment.spring.2016\temp\engine.obj
c:\users\dalalways72\desktop\hmwk.5.assignment.correct\hmwk.5.assignment.spring.2016\temp\gui.obj
c:\users\dalalways72\desktop\hmwk.5.assignment.correct\hmwk.5.assignment.spring.2016\temp\hmwk.5.obj
c:\users\dalalways72\desktop\hmwk.5.assignment.correct\hmwk.5.assignment.spring.2016\temp\link.obj
c:\users\dalalways72\desktop\hmwk.5.assignment.correct\hmwk.5.assignment.spring.2016\temp\object.obj
c:\users\dalalways72\desktop\hmwk.5.assignment.correct\hmwk.5.assignment.spring.2016\temp\deeler.obj
c:\users\dalalways72\desktop\hmwk.5.assignment.correct\hmwk.5.assignment.spring.2016\temp\texture.obj
c:\users\dalalways72\desktop\hmwk.5.assignment.correct\hmwk.5.assignment.spring.2016\temp\timer.obj
c:\users\dalalways72\desktop\hmwk.5.assignment.correct\hmwk.5.assignment.spring.2016\game\hmwk.5.assignment.spring.2016.pdb
c:\users\dalalways72\desktop\hmwk.5.assignment.correct\hmwk.5.assignment.spring.2016\temp\hmwk.5.a.8a4b5a99.tlog\cl.command.1.tlog
c:\users\dalalways72\desktop\hmwk.5.assignment.correct\hmwk.5.assignment.spring.2016\temp\hmwk.5.a.8a4b5a99.tlog\cl.read.1.tlog
c:\users\dalalways72\desktop\hmwk.5.assignment.correct\hmwk.5.assignment.spring.2016\temp\hmwk.5.a.8a4b5a99.tlog\cl.write.1.tlog
c:\users\dalalways72\desktop\hmwk.5.assignment.correct\hmwk.5.assignment.spring.2016\temp\hmwk.5.a.8a4b5a99.tlog\link-cvtres.read.1.tlog
c:\users\dalalways72\desktop\hmwk.5.assignment.correct\hmwk.5.assignment.spring.2016\temp\hmwk.5.a.8a4b5a99.tlog\link-cvtres.write.1.tlog
c:\users\dalalways72\desktop\hmwk.5.assignment.correct\hmwk.5.assignment.spring.2016\temp\hmwk.5.a.8a4b5a99.tlog\link-rc.read.1.tlog
c:\users\dalalways72\desktop\hmwk.5.assignment.correct\hmwk.5.assignment.spring.2016\temp\hmwk.5.a.8a4b5a99.tlog\link-rc.write.1.tlog
c:\users\dalalways72\desktop\hmwk.5.assignment.correct\hmwk.5.assignment.spring.2016\temp\hmwk.5.a.8a4b5a99.tlog\link.command.1.tlog
c:\users\dalalways72\desktop\hmwk.5.assignment.correct\hmwk.5.assignment.spring.2016\temp\hmwk.5.a.8a4b5a99.tlog\link.read.1.tlog
c:\users\dalalways72\desktop\hmwk.5.assignment.correct\hmwk.5.assignment.spring.2016\temp\hmwk.5.a.8a4b5a99.tlog\link.write.1.tlog
